INFO 2024-10-09 13:25:12,961 autoreload Watching for file changes with StatReloader
WARNING 2024-10-09 13:25:49,578 log Unauthorized: /item/7/
WARNING 2024-10-09 13:25:49,578 basehttp "PUT /item/7/ HTTP/1.1" 401 183
WARNING 2024-10-09 13:25:51,537 log Unauthorized: /item/7/
WARNING 2024-10-09 13:25:51,538 basehttp "PUT /item/7/ HTTP/1.1" 401 183
INFO 2024-10-09 13:27:37,807 basehttp "POST /token/ HTTP/1.1" 200 8033
WARNING 2024-10-09 13:28:02,713 log Unauthorized: /item/7/
WARNING 2024-10-09 13:28:02,713 basehttp "PUT /item/7/ HTTP/1.1" 401 183
INFO 2024-10-09 13:29:15,154 autoreload /home/mathew/prjt_9_10_24/SIMS/SIMS/settings.py changed, reloading.
INFO 2024-10-09 13:29:15,775 autoreload Watching for file changes with StatReloader
INFO 2024-10-09 13:29:19,999 basehttp "POST /token/ HTTP/1.1" 200 8033
INFO 2024-10-09 13:33:23,536 autoreload /home/mathew/prjt_9_10_24/SIMS/crud/views.py changed, reloading.
INFO 2024-10-09 13:33:24,159 autoreload Watching for file changes with StatReloader
INFO 2024-10-09 13:38:04,798 autoreload Watching for file changes with StatReloader
INFO 2024-10-09 13:53:47,793 autoreload /home/mathew/prjt_9_10_24/SIMS/crud/migrations/0001_initial.py changed, reloading.
INFO 2024-10-09 13:53:48,321 autoreload Watching for file changes with StatReloader
INFO 2024-10-09 14:01:27,408 autoreload /home/mathew/prjt_9_10_24/SIMS/crud/urls.py changed, reloading.
INFO 2024-10-09 14:01:27,992 autoreload Watching for file changes with StatReloader
INFO 2024-10-09 14:01:39,100 autoreload /home/mathew/prjt_9_10_24/SIMS/crud/urls.py changed, reloading.
INFO 2024-10-09 14:01:39,636 autoreload Watching for file changes with StatReloader
INFO 2024-10-09 14:07:23,628 autoreload /home/mathew/prjt_9_10_24/SIMS/crud/models.py changed, reloading.
INFO 2024-10-09 14:07:24,251 autoreload Watching for file changes with StatReloader
WARNING 2024-10-09 14:19:28,436 log Unauthorized: /item/999/
WARNING 2024-10-09 14:19:29,439 log Unauthorized: /item/999/
WARNING 2024-10-09 14:22:28,838 log Unauthorized: /item/2/
WARNING 2024-10-09 14:22:29,684 log Unauthorized: /item/999/
WARNING 2024-10-09 14:22:30,535 log Unauthorized: /item/3/
WARNING 2024-10-09 14:22:33,919 log Unauthorized: /item/999/
WARNING 2024-10-09 14:22:35,605 log Unauthorized: /item/999/
WARNING 2024-10-09 14:25:04,959 log Unauthorized: /item/2/
WARNING 2024-10-09 14:25:05,891 log Unauthorized: /item/999/
WARNING 2024-10-09 14:25:06,758 log Unauthorized: /item/3/
WARNING 2024-10-09 14:25:10,355 log Unauthorized: /item/999/
WARNING 2024-10-09 14:25:11,242 log Unauthorized: /item/8/
WARNING 2024-10-09 14:25:12,098 log Unauthorized: /item/999/
WARNING 2024-10-09 14:29:25,530 log Unauthorized: /item/2/
WARNING 2024-10-09 14:29:26,396 log Unauthorized: /item/999/
WARNING 2024-10-09 14:29:27,304 log Unauthorized: /item/3/
WARNING 2024-10-09 14:29:30,722 log Unauthorized: /item/999/
WARNING 2024-10-09 14:29:31,589 log Unauthorized: /item/8/
WARNING 2024-10-09 14:29:32,443 log Unauthorized: /item/999/
WARNING 2024-10-09 14:32:29,410 log Not Found: /item/999/
WARNING 2024-10-09 14:32:31,543 log Not Found: /item/999/
WARNING 2024-10-09 14:32:32,401 log Not Found: /item/999/
INFO 2024-10-09 14:40:53,192 autoreload /home/mathew/prjt_9_10_24/SIMS/crud/views.py changed, reloading.
INFO 2024-10-09 14:40:53,839 autoreload Watching for file changes with StatReloader
WARNING 2024-10-09 14:40:59,200 log Not Found: /item/999/
WARNING 2024-10-09 14:41:01,325 log Not Found: /item/999/
WARNING 2024-10-09 14:41:02,188 log Not Found: /item/999/
INFO 2024-10-09 14:43:06,400 autoreload /home/mathew/prjt_9_10_24/SIMS/crud/views.py changed, reloading.
INFO 2024-10-09 14:43:06,998 autoreload Watching for file changes with StatReloader
WARNING 2024-10-09 14:43:12,142 log Not Found: /item/999/
WARNING 2024-10-09 14:43:14,249 log Not Found: /item/999/
WARNING 2024-10-09 14:43:15,101 log Not Found: /item/999/
